\BOOKMARK [-1][]{clunwentimu.-1}{\376\377\116\055\126\375\167\377\116\032\131\047\133\146\170\125\123\132\153\325\116\032\213\272\145\207\000\040\000L\000a\000T\000e\000X\000\040\152\041\147\177\000\040\000V\0002\000.\0000\000\040\000\050\0002\0000\0001\0005\000/\0000\0008\000/\0000\0004\000\051}{}% 1
\BOOKMARK [0][]{cumt@authorization@title.0}{\376\377\133\146\117\115\213\272\145\207\117\177\165\050\143\210\147\103\130\360\146\016}{clunwentimu.-1}% 2
\BOOKMARK [0][]{cumt@authenticate@title.0}{\376\377\213\272\145\207\133\241\226\005\213\244\133\232\116\146}{clunwentimu.-1}% 3
\BOOKMARK [0][]{cumt@acknowledgements@title.0}{\376\377\201\364\214\042}{clunwentimu.-1}% 4
\BOOKMARK [0][]{section*.2}{\376\377\144\130\211\201}{clunwentimu.-1}% 5
\BOOKMARK [0][]{section*.5}{\376\377\166\356\137\125}{clunwentimu.-1}% 6
\BOOKMARK [0][]{section*.7}{\376\377\126\376\156\005\123\125}{clunwentimu.-1}% 7
\BOOKMARK [0][]{section*.9}{\376\377\210\150\156\005\123\125}{clunwentimu.-1}% 8
\BOOKMARK [0][]{section*.11}{\376\377\123\330\221\317\154\350\221\312\210\150}{clunwentimu.-1}% 9
\BOOKMARK [0][]{chapter.1}{\376\377\0001\000\040\000T\000e\000X\000\040\173\200\116\313}{clunwentimu.-1}% 10
\BOOKMARK [0][]{chapter.2}{\376\377\0002\000\040\000T\000e\000X\000\040\166\204\117\030\177\072\160\271}{clunwentimu.-1}% 11
\BOOKMARK [0][]{chapter.3}{\376\377\0003\000\040\000L\000a\000T\000e\000X\000\040\000\040\166\204\116\247\165\037}{clunwentimu.-1}% 12
\BOOKMARK [0][]{chapter.4}{\376\377\0004\000\040\000L\000a\000T\000e\000X\000\040\116\016\000\040\000W\000o\000r\000d\000\040\153\324\217\203}{clunwentimu.-1}% 13
\BOOKMARK [1][]{section.4.1}{\376\377\0004\000.\0001\000\040\116\316\131\064\137\000\131\313}{chapter.4}% 14
\BOOKMARK [1][]{section.4.2}{\376\377\0004\000.\0002\000\040\121\205\133\271\116\016\150\067\137\017}{chapter.4}% 15
\BOOKMARK [1][]{section.4.3}{\376\377\0004\000.\0003\000\040\145\160\133\146\121\154\137\017}{chapter.4}% 16
\BOOKMARK [1][]{section.4.4}{\376\377\0004\000.\0004\000\040\143\322\126\376}{chapter.4}% 17
\BOOKMARK [1][]{section.4.5}{\376\377\0004\000.\0005\000\040\122\033\136\372\123\302\200\003\145\207\163\056}{chapter.4}% 18
\BOOKMARK [1][]{section.4.6}{\376\377\0004\000.\0006\000\040\146\076\171\072\116\016\217\223\121\372}{chapter.4}% 19
\BOOKMARK [1][]{section.4.7}{\376\377\0004\000.\0007\000\040\123\357\142\151\121\105\140\047}{chapter.4}% 20
\BOOKMARK [0][]{chapter.5}{\376\377\0005\000\040\000L\000a\000T\000e\000X\000\040\136\224\165\050\140\305\121\265}{clunwentimu.-1}% 21
\BOOKMARK [0][]{chapter.6}{\376\377\0006\000\040\162\133\116\272\173\200\123\206}{clunwentimu.-1}% 22
\BOOKMARK [1][]{section.6.1}{\376\377\0006\000.\0001\000\040\000K\000n\000u\000t\000h\000\040\145\131\143\210\173\200\123\206}{chapter.6}% 23
\BOOKMARK [1][]{section.6.2}{\376\377\0006\000.\0002\000\040\000L\000a\000m\000p\000o\000r\000t\000\040\123\132\130\353\173\200\123\206}{chapter.6}% 24
\BOOKMARK [0][]{chapter.7}{\376\377\0007\000\040\000B\000S\000D\000E\000\040\166\204\000\040\000L\0001\000\040\211\343\166\204\133\130\127\050\125\057\116\000\140\047}{clunwentimu.-1}% 25
\BOOKMARK [0][]{chapter.8}{\376\377\0008\000\040\210\150\150\074\171\072\117\213}{clunwentimu.-1}% 26
\BOOKMARK [0][]{section*.47}{\376\377\123\302\200\003\145\207\163\056}{clunwentimu.-1}% 27
\BOOKMARK [0][]{section*.49}{\376\377\117\134\200\005\173\200\123\206}{clunwentimu.-1}% 28
\BOOKMARK [0][]{section*.55}{\376\377\133\146\117\115\213\272\145\207\123\237\122\033\140\047\130\360\146\016}{clunwentimu.-1}% 29
\BOOKMARK [0][]{section*.57}{\376\377\133\146\117\115\213\272\145\207\145\160\143\156\226\306}{clunwentimu.-1}% 30
